<?xml version="1.0" encoding="UTF-8"?>
<!-- Generated by org.testng.reporters.JUnitReportReporter -->
<testsuite hostname="MANDAR7" failures="0" tests="1" name="finalProject.HandlingExcelSheet" time="31.322" errors="0" timestamp="2023-09-30T21:43:06 IST" skipped="0">
  <testcase classname="finalProject.HandlingExcelSheet" name="m1" time="31.322"/>
</testsuite> <!-- finalProject.HandlingExcelSheet -->
