<?xml version="1.0" encoding="UTF-8"?>
<!-- Generated by org.testng.reporters.JUnitReportReporter -->
<testsuite hostname="MANDAR7" failures="0" tests="1" name="finalProject.LoginByUsingPOM" time="7.589" errors="0" timestamp="2023-10-07T16:11:52 IST" skipped="0">
  <testcase classname="finalProject.LoginByUsingPOM" name="login" time="7.589"/>
</testsuite> <!-- finalProject.LoginByUsingPOM -->
