<?xml version="1.0" encoding="UTF-8"?>
<!-- Generated by org.testng.reporters.JUnitReportReporter -->
<testsuite hostname="MANDAR7" failures="0" tests="1" name="finalProject.AmazonUsingPOM" time="19.864" errors="0" timestamp="2023-10-11T15:45:53 IST" skipped="0">
  <testcase classname="finalProject.AmazonUsingPOM" name="Amazon" time="19.864"/>
</testsuite> <!-- finalProject.AmazonUsingPOM -->
