<?xml version="1.0" encoding="UTF-8"?>
<!-- Generated by org.testng.reporters.JUnitReportReporter -->
<testsuite hostname="MANDAR7" failures="0" tests="1" name="finalProject.HandlingExcelSheetUsingPOM" time="31.451" errors="0" timestamp="2023-10-09T15:16:14 IST" skipped="0">
  <testcase classname="finalProject.HandlingExcelSheetUsingPOM" name="loginpage" time="31.451"/>
</testsuite> <!-- finalProject.HandlingExcelSheetUsingPOM -->
