<?xml version="1.0" encoding="UTF-8"?>
<!-- Generated by org.testng.reporters.JUnitReportReporter -->
<testsuite hostname="MANDAR7" failures="0" tests="1" name="finalProject.ScreenShot" time="10.103" errors="0" timestamp="2023-10-04T21:36:54 IST" skipped="0">
  <testcase classname="finalProject.ScreenShot" name="captureScreenShot" time="10.103"/>
</testsuite> <!-- finalProject.ScreenShot -->
