<?xml version="1.0" encoding="UTF-8"?>
<!-- Generated by org.testng.reporters.JUnitReportReporter -->
<testsuite hostname="MANDAR7" failures="0" tests="1" name="finalProject.SampleClass" time="0.006" errors="0" timestamp="2023-10-11T20:02:59 IST" skipped="0">
  <testcase classname="finalProject.SampleClass" name="m1" time="0.006"/>
</testsuite> <!-- finalProject.SampleClass -->
