<?xml version="1.0" encoding="UTF-8"?>
<!-- Generated by org.testng.reporters.JUnitReportReporter -->
<testsuite hostname="MANDAR7" failures="0" tests="1" name="finalProject.LoginPage" time="27.779" errors="0" timestamp="2023-10-05T23:38:43 IST" skipped="0">
  <testcase classname="finalProject.LoginPage" name="login" time="27.779"/>
</testsuite> <!-- finalProject.LoginPage -->
