<?xml version="1.0" encoding="UTF-8"?>
<!-- Generated by org.testng.reporters.JUnitReportReporter -->
<testsuite hostname="MANDAR7" failures="0" tests="1" name="finalProject.SignUpPagePOM" time="24.311" errors="0" timestamp="2023-10-09T17:25:31 IST" skipped="0">
  <testcase classname="finalProject.SignUpPagePOM" name="signUp" time="24.311"/>
</testsuite> <!-- finalProject.SignUpPagePOM -->
