<?xml version="1.0" encoding="UTF-8"?>
<!-- Generated by org.testng.reporters.JUnitReportReporter -->
<testsuite hostname="MANDAR7" failures="0" tests="1" name="finalProject.SimpleProgramMaven" time="9.756" errors="0" timestamp="2023-09-28T14:08:00 IST" skipped="0">
  <testcase classname="finalProject.SimpleProgramMaven" name="launchURL" time="9.756"/>
</testsuite> <!-- finalProject.SimpleProgramMaven -->
