<?xml version="1.0" encoding="UTF-8"?>
<!-- Generated by org.testng.reporters.JUnitReportReporter -->
<testsuite hostname="MANDAR7" failures="0" tests="1" name="finalProject.PartialScreenShot" time="6.806" errors="0" timestamp="2023-10-04T21:53:01 IST" skipped="0">
  <testcase classname="finalProject.PartialScreenShot" name="partialss" time="6.806"/>
</testsuite> <!-- finalProject.PartialScreenShot -->
